# JRE version: Java(TM) SE Runtime Environment (7.0_79-b15) (build 1.7.0_79-b15)
# Java VM: Java HotSpot(TM) 64-Bit Server VM (24.79-b02 mixed mode windows-amd64 compressed oops)
Heap
 PSYoungGen      total 218624K, used 79168K [0x00000000eaa80000, 0x00000000fb100000, 0x0000000100000000)
  eden space 216576K, 36% used [0x00000000eaa80000,0x00000000ef7d0138,0x00000000f7e00000)
  from space 2048K, 0% used [0x00000000f7e00000,0x00000000f7e00000,0x00000000f8000000)
  to   space 26112K, 0% used [0x00000000f9780000,0x00000000f9780000,0x00000000fb100000)
 ParOldGen       total 129536K, used 34543K [0x00000000c0000000, 0x00000000c7e80000, 0x00000000eaa80000)
  object space 129536K, 26% used [0x00000000c0000000,0x00000000c21bbc90,0x00000000c7e80000)
 PSPermGen       total 63488K, used 54826K [0x00000000b0000000, 0x00000000b3e00000, 0x00000000c0000000)
  object space 63488K, 86% used [0x00000000b0000000,0x00000000b358a938,0x00000000b3e00000)
GC Heap History (10 events):
Event: 16783.369 GC heap before
{Heap before GC invocations=46 (full 15):
 PSYoungGen      total 254976K, used 225792K [0x00000000eaa80000, 0x00000000fc200000, 0x0000000100000000)
  eden space 225792K, 100% used [0x00000000eaa80000,0x00000000f8700000,0x00000000f8700000)
  from space 29184K, 0% used [0x00000000fa580000,0x00000000fa580000,0x00000000fc200000)
  to   space 30208K, 0% used [0x00000000f8700000,0x00000000f8700000,0x00000000fa480000)
 ParOldGen       total 129536K, used 35713K [0x00000000c0000000, 0x00000000c7e80000, 0x00000000eaa80000)
  object space 129536K, 27% used [0x00000000c0000000,0x00000000c22e0710,0x00000000c7e80000)
 PSPermGen       total 66048K, used 54489K [0x00000000b0000000, 0x00000000b4080000, 0x00000000c0000000)
  object space 66048K, 82% used [0x00000000b0000000,0x00000000b3536550,0x00000000b4080000)
Event: 16783.377 GC heap after
Heap after GC invocations=46 (full 15):
 PSYoungGen      total 219648K, used 3008K [0x00000000eaa80000, 0x00000000fb600000, 0x0000000100000000)
  eden space 216576K, 0% used [0x00000000eaa80000,0x00000000eaa80000,0x00000000f7e00000)
  from space 3072K, 97% used [0x00000000f8700000,0x00000000f89f0020,0x00000000f8a00000)
  to   space 28672K, 0% used [0x00000000f9a00000,0x00000000f9a00000,0x00000000fb600000)
 ParOldGen       total 129536K, used 35713K [0x00000000c0000000, 0x00000000c7e80000, 0x00000000eaa80000)
  object space 129536K, 27% used [0x00000000c0000000,0x00000000c22e0710,0x00000000c7e80000)
 PSPermGen       total 66048K, used 54489K [0x00000000b0000000, 0x00000000b4080000, 0x00000000c0000000)
  object space 66048K, 82% used [0x00000000b0000000,0x00000000b3536550,0x00000000b4080000)
}
Event: 16789.731 GC heap before
{Heap before GC invocations=47 (full 15):
 PSYoungGen      total 219648K, used 123323K [0x00000000eaa80000, 0x00000000fb600000, 0x0000000100000000)
  eden space 216576K, 55% used [0x00000000eaa80000,0x00000000f1ffef40,0x00000000f7e00000)
  from space 3072K, 97% used [0x00000000f8700000,0x00000000f89f0020,0x00000000f8a00000)
  to   space 28672K, 0% used [0x00000000f9a00000,0x00000000f9a00000,0x00000000fb600000)
 ParOldGen       total 129536K, used 35713K [0x00000000c0000000, 0x00000000c7e80000, 0x00000000eaa80000)
  object space 129536K, 27% used [0x00000000c0000000,0x00000000c22e0710,0x00000000c7e80000)
 PSPermGen       total 66048K, used 54640K [0x00000000b0000000, 0x00000000b4080000, 0x00000000c0000000)
  object space 66048K, 82% used [0x00000000b0000000,0x00000000b355c1b8,0x00000000b4080000)
Event: 16789.737 GC heap after
Heap after GC invocations=47 (full 15):
 PSYoungGen      total 243200K, used 768K [0x00000000eaa80000, 0x00000000fb400000, 0x0000000100000000)
  eden space 216576K, 0% used [0x00000000eaa80000,0x00000000eaa80000,0x00000000f7e00000)
  from space 26624K, 2% used [0x00000000f9a00000,0x00000000f9ac0000,0x00000000fb400000)
  to   space 27648K, 0% used [0x00000000f7e00000,0x00000000f7e00000,0x00000000f9900000)
 ParOldGen       total 129536K, used 36350K [0x00000000c0000000, 0x00000000c7e80000, 0x00000000eaa80000)
  object space 129536K, 28% used [0x00000000c0000000,0x00000000c237f800,0x00000000c7e80000)
 PSPermGen       total 66048K, used 54640K [0x00000000b0000000, 0x00000000b4080000, 0x00000000c0000000)
  object space 66048K, 82% used [0x00000000b0000000,0x00000000b355c1b8,0x00000000b4080000)
}
Event: 16789.737 GC heap before
{Heap before GC invocations=48 (full 16):
 PSYoungGen      total 243200K, used 768K [0x00000000eaa80000, 0x00000000fb400000, 0x0000000100000000)
  eden space 216576K, 0% used [0x00000000eaa80000,0x00000000eaa80000,0x00000000f7e00000)
  from space 26624K, 2% used [0x00000000f9a00000,0x00000000f9ac0000,0x00000000fb400000)
  to   space 27648K, 0% used [0x00000000f7e00000,0x00000000f7e00000,0x00000000f9900000)
 ParOldGen       total 129536K, used 36350K [0x00000000c0000000, 0x00000000c7e80000, 0x00000000eaa80000)
  object space 129536K, 28% used [0x00000000c0000000,0x00000000c237f800,0x00000000c7e80000)
 PSPermGen       total 66048K, used 54640K [0x00000000b0000000, 0x00000000b4080000, 0x00000000c0000000)
  object space 66048K, 82% used [0x00000000b0000000,0x00000000b355c1b8,0x00000000b4080000)
Event: 16789.933 GC heap after
Heap after GC invocations=48 (full 16):
 PSYoungGen      total 243200K, used 0K [0x00000000eaa80000, 0x00000000fb400000, 0x0000000100000000)
  eden space 216576K, 0% used [0x00000000eaa80000,0x00000000eaa80000,0x00000000f7e00000)
  from space 26624K, 0% used [0x00000000f9a00000,0x00000000f9a00000,0x00000000fb400000)
  to   space 27648K, 0% used [0x00000000f7e00000,0x00000000f7e00000,0x00000000f9900000)
 ParOldGen       total 129536K, used 34054K [0x00000000c0000000, 0x00000000c7e80000, 0x00000000eaa80000)
  object space 129536K, 26% used [0x00000000c0000000,0x00000000c2141a68,0x00000000c7e80000)
 PSPermGen       total 65024K, used 54640K [0x00000000b0000000, 0x00000000b3f80000, 0x00000000c0000000)
  object space 65024K, 84% used [0x00000000b0000000,0x00000000b355c058,0x00000000b3f80000)
}
Event: 17683.112 GC heap before
{Heap before GC invocations=49 (full 16):
 PSYoungGen      total 243200K, used 173052K [0x00000000eaa80000, 0x00000000fb400000, 0x0000000100000000)
  eden space 216576K, 79% used [0x00000000eaa80000,0x00000000f537f008,0x00000000f7e00000)
  from space 26624K, 0% used [0x00000000f9a00000,0x00000000f9a00000,0x00000000fb400000)
  to   space 27648K, 0% used [0x00000000f7e00000,0x00000000f7e00000,0x00000000f9900000)
 ParOldGen       total 129536K, used 34054K [0x00000000c0000000, 0x00000000c7e80000, 0x00000000eaa80000)
  object space 129536K, 26% used [0x00000000c0000000,0x00000000c2141a68,0x00000000c7e80000)
 PSPermGen       total 65024K, used 54685K [0x00000000b0000000, 0x00000000b3f80000, 0x00000000c0000000)
  object space 65024K, 84% used [0x00000000b0000000,0x00000000b3567520,0x00000000b3f80000)
Event: 17683.116 GC heap after
Heap after GC invocations=49 (full 16):
 PSYoungGen      total 218624K, used 1584K [0x00000000eaa80000, 0x00000000fb100000, 0x0000000100000000)
  eden space 216576K, 0% used [0x00000000eaa80000,0x00000000eaa80000,0x00000000f7e00000)
  from space 2048K, 77% used [0x00000000f7e00000,0x00000000f7f8c030,0x00000000f8000000)
  to   space 26112K, 0% used [0x00000000f9780000,0x00000000f9780000,0x00000000fb100000)
 ParOldGen       total 129536K, used 34054K [0x00000000c0000000, 0x00000000c7e80000, 0x00000000eaa80000)
  object space 129536K, 26% used [0x00000000c0000000,0x00000000c2141a68,0x00000000c7e80000)
 PSPermGen       total 65024K, used 54685K [0x00000000b0000000, 0x00000000b3f80000, 0x00000000c0000000)
  object space 65024K, 84% used [0x00000000b0000000,0x00000000b3567520,0x00000000b3f80000)
}
Event: 17683.116 GC heap before
{Heap before GC invocations=50 (full 17):
 PSYoungGen      total 218624K, used 1584K [0x00000000eaa80000, 0x00000000fb100000, 0x0000000100000000)
  eden space 216576K, 0% used [0x00000000eaa80000,0x00000000eaa80000,0x00000000f7e00000)
  from space 2048K, 77% used [0x00000000f7e00000,0x00000000f7f8c030,0x00000000f8000000)
  to   space 26112K, 0% used [0x00000000f9780000,0x00000000f9780000,0x00000000fb100000)
 ParOldGen       total 129536K, used 34054K [0x00000000c0000000, 0x00000000c7e80000, 0x00000000eaa80000)
  object space 129536K, 26% used [0x00000000c0000000,0x00000000c2141a68,0x00000000c7e80000)
 PSPermGen       total 65024K, used 54685K [0x00000000b0000000, 0x00000000b3f80000, 0x00000000c0000000)
  object space 65024K, 84% used [0x00000000b0000000,0x00000000b3567520,0x00000000b3f80000)
Event: 17683.287 GC heap after
Heap after GC invocations=50 (full 17):
 PSYoungGen      total 218624K, used 0K [0x00000000eaa80000, 0x00000000fb100000, 0x0000000100000000)
  eden space 216576K, 0% used [0x00000000eaa80000,0x00000000eaa80000,0x00000000f7e00000)
  from space 2048K, 0% used [0x00000000f7e00000,0x00000000f7e00000,0x00000000f8000000)
  to   space 26112K, 0% used [0x00000000f9780000,0x00000000f9780000,0x00000000fb100000)
 ParOldGen       total 129536K, used 34543K [0x00000000c0000000, 0x00000000c7e80000, 0x00000000eaa80000)
  object space 129536K, 26% used [0x00000000c0000000,0x00000000c21bbc90,0x00000000c7e80000)
 PSPermGen       total 63488K, used 54685K [0x00000000b0000000, 0x00000000b3e00000, 0x00000000c0000000)
  object space 63488K, 86% used [0x00000000b0000000,0x00000000b3567480,0x00000000b3e00000)
}

